[INIT] PostgreSQL connected
[START] HDFS CLOSE watcher started
[WATCH] Path prefix: /hive/job_project
[CLOSE] txId=19487, path=/hive/job_project/org/20260209104438.gz, fileSize=510891
[CLOSE] txId=19493, path=/hive/job_project/org/20260209104453.gz, fileSize=669203
[CLOSE] txId=19499, path=/hive/job_project/org/20260209104508.gz, fileSize=808391
[CLOSE] txId=19507, path=/hive/job_project/org/20260209104523.gz, fileSize=485441
[CLOSE] txId=19513, path=/hive/job_project/org/20260209104538.gz, fileSize=438831
[CLOSE] txId=19519, path=/hive/job_project/org/20260209104553.gz, fileSize=408623
[CLOSE] txId=19525, path=/hive/job_project/org/20260209104608.gz, fileSize=416109
[CLOSE] txId=19531, path=/hive/job_project/org/20260209104623.gz, fileSize=431200
[CLOSE] txId=19537, path=/hive/job_project/org/20260209104638.gz, fileSize=363431
[CLOSE] txId=19543, path=/hive/job_project/org/20260209104653.gz, fileSize=477355
[CLOSE] txId=19549, path=/hive/job_project/org/20260209104708.gz, fileSize=599198
[CLOSE] txId=19555, path=/hive/job_project/org/20260209104723.gz, fileSize=707572
[CLOSE] txId=19561, path=/hive/job_project/org/20260209104738.gz, fileSize=1268775
[CLOSE] txId=19567, path=/hive/job_project/org/20260209104753.gz, fileSize=436156
[CLOSE] txId=19573, path=/hive/job_project/org/20260209104808.gz, fileSize=657548
[CLOSE] txId=19579, path=/hive/job_project/org/20260209104822.gz, fileSize=463436
[CLOSE] txId=19585, path=/hive/job_project/org/20260209104837.gz, fileSize=731146
[CLOSE] txId=19591, path=/hive/job_project/org/20260209104852.gz, fileSize=556100
[CLOSE] txId=19597, path=/hive/job_project/org/20260209104906.gz, fileSize=586191
[CLOSE] txId=19603, path=/hive/job_project/org/20260209104921.gz, fileSize=638059
[CLOSE] txId=19609, path=/hive/job_project/org/20260209104936.gz, fileSize=640370
[CLOSE] txId=19615, path=/hive/job_project/org/20260209104950.gz, fileSize=652289
[CLOSE] txId=19621, path=/hive/job_project/org/20260209105005.gz, fileSize=674154
[CLOSE] txId=19627, path=/hive/job_project/org/20260209105020.gz, fileSize=739405
[CLOSE] txId=19633, path=/hive/job_project/org/20260209105034.gz, fileSize=610816
[CLOSE] txId=19639, path=/hive/job_project/org/20260209105049.gz, fileSize=979678
[CLOSE] txId=19645, path=/hive/job_project/org/20260209105103.gz, fileSize=494965
[CLOSE] txId=19651, path=/hive/job_project/org/20260209105118.gz, fileSize=678246
[CLOSE] txId=19657, path=/hive/job_project/org/20260209105132.gz, fileSize=680989
[CLOSE] txId=19663, path=/hive/job_project/org/20260209105147.gz, fileSize=413369
[CLOSE] txId=19669, path=/hive/job_project/org/20260209105201.gz, fileSize=424197
[CLOSE] txId=19675, path=/hive/job_project/org/20260209105216.gz, fileSize=370956
[CLOSE] txId=19681, path=/hive/job_project/org/20260209105230.gz, fileSize=851833
[CLOSE] txId=19687, path=/hive/job_project/org/20260209105245.gz, fileSize=833393
[CLOSE] txId=19693, path=/hive/job_project/org/20260209105259.gz, fileSize=610588
[CLOSE] txId=19699, path=/hive/job_project/org/20260209105314.gz, fileSize=505597
[CLOSE] txId=19705, path=/hive/job_project/org/20260209105328.gz, fileSize=739519
[CLOSE] txId=19711, path=/hive/job_project/org/20260209105343.gz, fileSize=627901
[CLOSE] txId=19717, path=/hive/job_project/org/20260209105357.gz, fileSize=623526
[CLOSE] txId=19723, path=/hive/job_project/org/20260209105412.gz, fileSize=518959
[CLOSE] txId=19729, path=/hive/job_project/org/20260209105426.gz, fileSize=429163
[CLOSE] txId=19735, path=/hive/job_project/org/20260209105441.gz, fileSize=628819
[CLOSE] txId=19741, path=/hive/job_project/org/20260209105455.gz, fileSize=787338
[CLOSE] txId=19747, path=/hive/job_project/org/20260209105509.gz, fileSize=615362
[CLOSE] txId=19753, path=/hive/job_project/org/20260209105524.gz, fileSize=536085
[CLOSE] txId=19759, path=/hive/job_project/org/20260209105538.gz, fileSize=630080
[CLOSE] txId=19765, path=/hive/job_project/org/20260209105552.gz, fileSize=647676
[CLOSE] txId=19771, path=/hive/job_project/org/20260209105607.gz, fileSize=1002135
[CLOSE] txId=19777, path=/hive/job_project/org/20260209105621.gz, fileSize=951357
[CLOSE] txId=19783, path=/hive/job_project/org/20260209105635.gz, fileSize=1106756
[CLOSE] txId=19789, path=/hive/job_project/org/20260209105649.gz, fileSize=746594
[CLOSE] txId=19797, path=/hive/job_project/org/20260209105704.gz, fileSize=598074
[CLOSE] txId=19803, path=/hive/job_project/org/20260209105718.gz, fileSize=450184
[CLOSE] txId=19809, path=/hive/job_project/org/20260209112028.gz, fileSize=428795
[CLOSE] txId=19815, path=/hive/job_project/org/20260209113605.gz, fileSize=383148
[CLOSE] txId=19821, path=/hive/job_project/org/20260209115131.gz, fileSize=366833
[CLOSE] txId=19827, path=/hive/job_project/org/20260209120751.gz, fileSize=604928
[CLOSE] txId=19833, path=/hive/job_project/org/20260209122419.gz, fileSize=477894
[CLOSE] txId=19839, path=/hive/job_project/org/20260209124029.gz, fileSize=538157
[CLOSE] txId=19845, path=/hive/job_project/org/20260209125720.gz, fileSize=506185
[CLOSE] txId=19851, path=/hive/job_project/org/20260209131455.gz, fileSize=509394
[CLOSE] txId=19857, path=/hive/job_project/org/20260209133051.gz, fileSize=433488
[CLOSE] txId=19863, path=/hive/job_project/org/20260209134751.gz, fileSize=754452
[CLOSE] txId=19869, path=/hive/job_project/org/20260209140432.gz, fileSize=643369
[CLOSE] txId=19875, path=/hive/job_project/org/20260209142124.gz, fileSize=659807
[CLOSE] txId=19881, path=/hive/job_project/org/20260209143805.gz, fileSize=635670
[CLOSE] txId=19887, path=/hive/job_project/org/20260209145403.gz, fileSize=735596
[CLOSE] txId=19893, path=/hive/job_project/org/20260209151011.gz, fileSize=788922
[CLOSE] txId=19899, path=/hive/job_project/org/20260209152957.gz, fileSize=56564
[CLOSE] txId=19945, path=/hive/job_project/new/es_bulk_20260211131629.gz, fileSize=1059917
[CLOSE] txId=19950, path=/hive/job_project/new/es_bulk_20260211131651.gz, fileSize=877632
[CLOSE] txId=19955, path=/hive/job_project/new/es_bulk_20260211131711.gz, fileSize=829097
[CLOSE] txId=19960, path=/hive/job_project/new/es_bulk_20260211131728.gz, fileSize=676935
[CLOSE] txId=19965, path=/hive/job_project/new/es_bulk_20260211131744.gz, fileSize=612691
[CLOSE] txId=19972, path=/hive/job_project/new/es_bulk_20260211131811.gz, fileSize=1025792
[CLOSE] txId=19977, path=/hive/job_project/new/es_bulk_20260211131832.gz, fileSize=809347
[CLOSE] txId=19982, path=/hive/job_project/new/es_bulk_20260211131855.gz, fileSize=892181
[CLOSE] txId=19987, path=/hive/job_project/new/es_bulk_20260211131918.gz, fileSize=886384
[CLOSE] txId=19992, path=/hive/job_project/new/es_bulk_20260211131940.gz, fileSize=880940
[CLOSE] txId=19999, path=/hive/job_project/new/es_bulk_20260211132000.gz, fileSize=740238
[CLOSE] txId=20004, path=/hive/job_project/new/es_bulk_20260211132021.gz, fileSize=1150199
[CLOSE] txId=20009, path=/hive/job_project/new/es_bulk_20260211132042.gz, fileSize=997365
[CLOSE] txId=20014, path=/hive/job_project/new/es_bulk_20260211132104.gz, fileSize=1027349
[CLOSE] txId=20019, path=/hive/job_project/new/es_bulk_20260211132124.gz, fileSize=958414
[CLOSE] txId=20024, path=/hive/job_project/new/es_bulk_20260211132146.gz, fileSize=1094804
[CLOSE] txId=20031, path=/hive/job_project/new/es_bulk_20260211132209.gz, fileSize=1204221
[CLOSE] txId=20036, path=/hive/job_project/new/es_bulk_20260211132215.gz, fileSize=86795
[CLOSE] txId=20109, path=/hive/job_project/new/es_bulk_20260211143006.gz, fileSize=920966
[CLOSE] txId=20117, path=/hive/job_project/new/es_bulk_20260211143027.gz, fileSize=856312
[CLOSE] txId=20123, path=/hive/job_project/new/es_bulk_20260211143047.gz, fileSize=806957
[CLOSE] txId=20129, path=/hive/job_project/new/es_bulk_20260211143107.gz, fileSize=805211
[CLOSE] txId=20135, path=/hive/job_project/new/es_bulk_20260211143128.gz, fileSize=815655
[CLOSE] txId=20141, path=/hive/job_project/new/es_bulk_20260211143145.gz, fileSize=611676
[CLOSE] txId=20147, path=/hive/job_project/new/es_bulk_20260211143206.gz, fileSize=793589
[CLOSE] txId=20155, path=/hive/job_project/new/es_bulk_20260211143231.gz, fileSize=1002105
[CLOSE] txId=20161, path=/hive/job_project/new/es_bulk_20260211143303.gz, fileSize=1128560
[CLOSE] txId=20167, path=/hive/job_project/new/es_bulk_20260211143354.gz, fileSize=1896471
[CLOSE] txId=20175, path=/hive/job_project/new/es_bulk_20260211143414.gz, fileSize=816442
[CLOSE] txId=20181, path=/hive/job_project/new/es_bulk_20260211143442.gz, fileSize=1080660
[CLOSE] txId=20187, path=/hive/job_project/new/es_bulk_20260211143504.gz, fileSize=820542
[CLOSE] txId=20193, path=/hive/job_project/new/es_bulk_20260211143535.gz, fileSize=1192455
[CLOSE] txId=20199, path=/hive/job_project/new/es_bulk_20260211143559.gz, fileSize=960370
[CLOSE] txId=20207, path=/hive/job_project/new/es_bulk_20260211143619.gz, fileSize=922900
[CLOSE] txId=20213, path=/hive/job_project/new/es_bulk_20260211143639.gz, fileSize=991984
[CLOSE] txId=20219, path=/hive/job_project/new/es_bulk_20260211143701.gz, fileSize=1005237
[CLOSE] txId=20225, path=/hive/job_project/new/es_bulk_20260211143721.gz, fileSize=1005892
[CLOSE] txId=20231, path=/hive/job_project/new/es_bulk_20260211143740.gz, fileSize=1012983
[CLOSE] txId=20237, path=/hive/job_project/new/es_bulk_20260211143801.gz, fileSize=1133628
[CLOSE] txId=20245, path=/hive/job_project/new/es_bulk_20260211143823.gz, fileSize=1000269
[CLOSE] txId=20251, path=/hive/job_project/new/es_bulk_20260211143909.gz, fileSize=1561875
[CLOSE] txId=20257, path=/hive/job_project/new/es_bulk_20260211143933.gz, fileSize=952394
[CLOSE] txId=20263, path=/hive/job_project/new/es_bulk_20260211144005.gz, fileSize=1184691
[CLOSE] txId=20271, path=/hive/job_project/new/es_bulk_20260211144035.gz, fileSize=1171667
[CLOSE] txId=20277, path=/hive/job_project/new/es_bulk_20260211144055.gz, fileSize=802499
[CLOSE] txId=20283, path=/hive/job_project/new/es_bulk_20260211144115.gz, fileSize=825913
[CLOSE] txId=20289, path=/hive/job_project/new/es_bulk_20260211144132.gz, fileSize=641262
[CLOSE] txId=20295, path=/hive/job_project/new/es_bulk_20260211144206.gz, fileSize=1342355
[CLOSE] txId=20303, path=/hive/job_project/new/es_bulk_20260211144240.gz, fileSize=1298124
[CLOSE] txId=20309, path=/hive/job_project/new/es_bulk_20260211144306.gz, fileSize=1015915
[CLOSE] txId=20315, path=/hive/job_project/new/es_bulk_20260211144328.gz, fileSize=846090
[CLOSE] txId=20321, path=/hive/job_project/new/es_bulk_20260211144357.gz, fileSize=1176606
[CLOSE] txId=20329, path=/hive/job_project/new/es_bulk_20260211144423.gz, fileSize=1043603
[CLOSE] txId=20335, path=/hive/job_project/new/es_bulk_20260211144449.gz, fileSize=1042413
[CLOSE] txId=20341, path=/hive/job_project/new/es_bulk_20260211144511.gz, fileSize=911026
[CLOSE] txId=20347, path=/hive/job_project/new/es_bulk_20260211144529.gz, fileSize=761993
[CLOSE] txId=20353, path=/hive/job_project/new/es_bulk_20260211144550.gz, fileSize=1014363
[CLOSE] txId=20359, path=/hive/job_project/new/es_bulk_20260211144611.gz, fileSize=1187417
[CLOSE] txId=20367, path=/hive/job_project/new/es_bulk_20260211144628.gz, fileSize=943286
[CLOSE] txId=20373, path=/hive/job_project/new/es_bulk_20260211144645.gz, fileSize=836432
[CLOSE] txId=20379, path=/hive/job_project/new/es_bulk_20260211144704.gz, fileSize=977267
[CLOSE] txId=20385, path=/hive/job_project/new/es_bulk_20260211144722.gz, fileSize=993526
[CLOSE] txId=20391, path=/hive/job_project/new/es_bulk_20260211144800.gz, fileSize=1580382
[CLOSE] txId=20399, path=/hive/job_project/new/es_bulk_20260211144840.gz, fileSize=1515681
[CLOSE] txId=20405, path=/hive/job_project/new/es_bulk_20260211144926.gz, fileSize=1746900
[CLOSE] txId=20411, path=/hive/job_project/new/es_bulk_20260211145000.gz, fileSize=1286491
[CLOSE] txId=20515, path=/hive/job_project/new/es_bulk_20260211162716.gz, fileSize=987484
[CLOSE] txId=20521, path=/hive/job_project/new/es_bulk_20260211162747.gz, fileSize=1137785
[CLOSE] txId=20527, path=/hive/job_project/new/es_bulk_20260211162822.gz, fileSize=1353750
