[INFO ] [2026-01-31 12:00:01] [Start] sn1 time and clock rsync ...
2026. 01. 31. (토) 12:00:01 KST
[INFO ] [2026-01-31 12:00:03] [End] sn1 time and clock rsync ...

[INFO ] [2026-01-31 12:00:03] [Start] sn2 time and clock rsync ...
2026. 01. 31. (토) 12:00:03 KST
[INFO ] [2026-01-31 12:00:04] [End] sn2 time and clock rsync ...

[INFO ] [2026-01-31 12:00:04] [Start] sn3 time and clock rsync ...
2026. 01. 31. (토) 12:00:04 KST
[INFO ] [2026-01-31 12:00:06] [End] sn3 time and clock rsync ...

[INFO ] [2026-01-31 12:00:06] [Start] m1 time and clock rsync ...
2026. 01. 31. (토) 12:00:06 KST
[INFO ] [2026-01-31 12:00:08] [End] m1 time and clock rsync ...

[INFO ] [2026-01-31 12:00:08] [Start] m2 time and clock rsync ...
2026. 01. 31. (토) 12:00:08 KST
[INFO ] [2026-01-31 12:00:09] [End] m2 time and clock rsync ...

[INFO ] [2026-01-31 12:00:09] [Start] s1 time and clock rsync ...
2026. 01. 31. (토) 12:00:09 KST
[INFO ] [2026-01-31 12:00:11] [End] s1 time and clock rsync ...

[INFO ] [2026-01-31 12:00:11] >>> ap:
2026-01-31 12:00:12
[INFO ] [2026-01-31 12:00:12] >>> sn1:
2026-01-31 12:00:11
[INFO ] [2026-01-31 12:00:13] >>> sn2:
2026-01-31 12:00:12
[INFO ] [2026-01-31 12:00:13] >>> sn3:
2026-01-31 12:00:11
[INFO ] [2026-01-31 12:00:13] >>> m1:
2026-01-31 12:00:12
[INFO ] [2026-01-31 12:00:14] >>> m2:
2026-01-31 12:00:13
[INFO ] [2026-01-31 12:00:14] >>> s1:
2026-01-31 12:00:13
