[INFO ] [2026-02-04 12:00:01] [Start] sn1 time and clock rsync ...
2026. 02. 04. (수) 12:00:01 KST
[INFO ] [2026-02-04 12:00:03] [End] sn1 time and clock rsync ...

[INFO ] [2026-02-04 12:00:03] [Start] sn2 time and clock rsync ...
2026. 02. 04. (수) 12:00:03 KST
[INFO ] [2026-02-04 12:00:05] [End] sn2 time and clock rsync ...

[INFO ] [2026-02-04 12:00:05] [Start] sn3 time and clock rsync ...
2026. 02. 04. (수) 12:00:05 KST
[INFO ] [2026-02-04 12:00:06] [End] sn3 time and clock rsync ...

[INFO ] [2026-02-04 12:00:06] [Start] m1 time and clock rsync ...
2026. 02. 04. (수) 12:00:06 KST
[INFO ] [2026-02-04 12:00:07] [End] m1 time and clock rsync ...

[INFO ] [2026-02-04 12:00:07] [Start] m2 time and clock rsync ...
2026. 02. 04. (수) 12:00:07 KST
[INFO ] [2026-02-04 12:00:08] [End] m2 time and clock rsync ...

[INFO ] [2026-02-04 12:00:08] [Start] s1 time and clock rsync ...
2026. 02. 04. (수) 12:00:08 KST
[INFO ] [2026-02-04 12:00:09] [End] s1 time and clock rsync ...

[INFO ] [2026-02-04 12:00:09] >>> ap:
2026-02-04 12:00:10
[INFO ] [2026-02-04 12:00:10] >>> sn1:
2026-02-04 12:00:08
[INFO ] [2026-02-04 12:00:10] >>> sn2:
2026-02-04 12:00:09
[INFO ] [2026-02-04 12:00:11] >>> sn3:
2026-02-04 12:00:10
[INFO ] [2026-02-04 12:00:11] >>> m1:
2026-02-04 12:00:10
[INFO ] [2026-02-04 12:00:12] >>> m2:
2026-02-04 12:00:11
[INFO ] [2026-02-04 12:00:12] >>> s1:
2026-02-04 12:00:11
