[INFO ] [2026-02-10 12:00:01] [Start] sn1 time and clock rsync ...
2026. 02. 10. (화) 12:00:01 KST
[INFO ] [2026-02-10 12:00:04] [End] sn1 time and clock rsync ...

[INFO ] [2026-02-10 12:00:04] [Start] sn2 time and clock rsync ...
2026. 02. 10. (화) 12:00:04 KST
[INFO ] [2026-02-10 12:00:06] [End] sn2 time and clock rsync ...

[INFO ] [2026-02-10 12:00:06] [Start] sn3 time and clock rsync ...
2026. 02. 10. (화) 12:00:06 KST
[INFO ] [2026-02-10 12:00:08] [End] sn3 time and clock rsync ...

[INFO ] [2026-02-10 12:00:08] [Start] m1 time and clock rsync ...
2026. 02. 10. (화) 12:00:08 KST
[INFO ] [2026-02-10 12:00:09] [End] m1 time and clock rsync ...

[INFO ] [2026-02-10 12:00:09] [Start] m2 time and clock rsync ...
2026. 02. 10. (화) 12:00:09 KST
[INFO ] [2026-02-10 12:00:11] [End] m2 time and clock rsync ...

[INFO ] [2026-02-10 12:00:11] [Start] s1 time and clock rsync ...
2026. 02. 10. (화) 12:00:11 KST
[INFO ] [2026-02-10 12:00:12] [End] s1 time and clock rsync ...

[INFO ] [2026-02-10 12:00:12] >>> ap:
2026-02-10 12:00:13
[INFO ] [2026-02-10 12:00:13] >>> sn1:
2026-02-10 12:00:12
[INFO ] [2026-02-10 12:00:14] >>> sn2:
2026-02-10 12:00:12
[INFO ] [2026-02-10 12:00:14] >>> sn3:
2026-02-10 12:00:13
[INFO ] [2026-02-10 12:00:14] >>> m1:
2026-02-10 12:00:13
[INFO ] [2026-02-10 12:00:15] >>> m2:
2026-02-10 12:00:13
[INFO ] [2026-02-10 12:00:15] >>> s1:
2026-02-10 12:00:14
